CRITICAL - 2025-03-02 11:37:53 --> Error: Call to a member function isValid() on null
[Method: POST, Route: admin/add]
in APPPATH\Controllers\AdminController.php on line 15.
 1 SYSTEMPATH\CodeIgniter.php(933): App\Controllers\AdminController->add()
 2 SYSTEMPATH\CodeIgniter.php(507): CodeIgniter\CodeIgniter->runController(Object(App\Controllers\AdminController))
 3 SYSTEMPATH\CodeIgniter.php(354): CodeIgniter\CodeIgniter->handleRequest(null, Object(Config\Cache), false)
 4 SYSTEMPATH\Boot.php(334): CodeIgniter\CodeIgniter->run()
 5 SYSTEMPATH\Boot.php(67): CodeIgniter\Boot::runCodeIgniter(Object(CodeIgniter\CodeIgniter))
 6 FCPATH\index.php(56): CodeIgniter\Boot::bootWeb(Object(Config\Paths))
 7 SYSTEMPATH\rewrite.php(44): require_once('C:\\xampp\\htdocs\\codeigniter4-Blog_Management\\public\\index.php')
CRITICAL - 2025-03-02 11:38:06 --> Error: Call to a member function isValid() on null
[Method: POST, Route: admin/add]
in APPPATH\Controllers\AdminController.php on line 15.
 1 SYSTEMPATH\CodeIgniter.php(933): App\Controllers\AdminController->add()
 2 SYSTEMPATH\CodeIgniter.php(507): CodeIgniter\CodeIgniter->runController(Object(App\Controllers\AdminController))
 3 SYSTEMPATH\CodeIgniter.php(354): CodeIgniter\CodeIgniter->handleRequest(null, Object(Config\Cache), false)
 4 SYSTEMPATH\Boot.php(334): CodeIgniter\CodeIgniter->run()
 5 SYSTEMPATH\Boot.php(67): CodeIgniter\Boot::runCodeIgniter(Object(CodeIgniter\CodeIgniter))
 6 FCPATH\index.php(56): CodeIgniter\Boot::bootWeb(Object(Config\Paths))
 7 SYSTEMPATH\rewrite.php(44): require_once('C:\\xampp\\htdocs\\codeigniter4-Blog_Management\\public\\index.php')
CRITICAL - 2025-03-02 11:42:48 --> Error: Call to a member function isValid() on null
[Method: POST, Route: admin/add]
in APPPATH\Controllers\AdminController.php on line 15.
 1 SYSTEMPATH\CodeIgniter.php(933): App\Controllers\AdminController->add()
 2 SYSTEMPATH\CodeIgniter.php(507): CodeIgniter\CodeIgniter->runController(Object(App\Controllers\AdminController))
 3 SYSTEMPATH\CodeIgniter.php(354): CodeIgniter\CodeIgniter->handleRequest(null, Object(Config\Cache), false)
 4 SYSTEMPATH\Boot.php(334): CodeIgniter\CodeIgniter->run()
 5 SYSTEMPATH\Boot.php(67): CodeIgniter\Boot::runCodeIgniter(Object(CodeIgniter\CodeIgniter))
 6 FCPATH\index.php(56): CodeIgniter\Boot::bootWeb(Object(Config\Paths))
 7 SYSTEMPATH\rewrite.php(44): require_once('C:\\xampp\\htdocs\\codeigniter4-Blog_Management\\public\\index.php')
CRITICAL - 2025-03-02 11:45:02 --> Error: Call to a member function isValid() on null
[Method: POST, Route: admin/add]
in APPPATH\Controllers\AdminController.php on line 15.
 1 SYSTEMPATH\CodeIgniter.php(933): App\Controllers\AdminController->add()
 2 SYSTEMPATH\CodeIgniter.php(507): CodeIgniter\CodeIgniter->runController(Object(App\Controllers\AdminController))
 3 SYSTEMPATH\CodeIgniter.php(354): CodeIgniter\CodeIgniter->handleRequest(null, Object(Config\Cache), false)
 4 SYSTEMPATH\Boot.php(334): CodeIgniter\CodeIgniter->run()
 5 SYSTEMPATH\Boot.php(67): CodeIgniter\Boot::runCodeIgniter(Object(CodeIgniter\CodeIgniter))
 6 FCPATH\index.php(56): CodeIgniter\Boot::bootWeb(Object(Config\Paths))
 7 SYSTEMPATH\rewrite.php(44): require_once('C:\\xampp\\htdocs\\codeigniter4-Blog_Management\\public\\index.php')
CRITICAL - 2025-03-02 11:45:04 --> Error: Call to a member function isValid() on null
[Method: POST, Route: admin/add]
in APPPATH\Controllers\AdminController.php on line 15.
 1 SYSTEMPATH\CodeIgniter.php(933): App\Controllers\AdminController->add()
 2 SYSTEMPATH\CodeIgniter.php(507): CodeIgniter\CodeIgniter->runController(Object(App\Controllers\AdminController))
 3 SYSTEMPATH\CodeIgniter.php(354): CodeIgniter\CodeIgniter->handleRequest(null, Object(Config\Cache), false)
 4 SYSTEMPATH\Boot.php(334): CodeIgniter\CodeIgniter->run()
 5 SYSTEMPATH\Boot.php(67): CodeIgniter\Boot::runCodeIgniter(Object(CodeIgniter\CodeIgniter))
 6 FCPATH\index.php(56): CodeIgniter\Boot::bootWeb(Object(Config\Paths))
 7 SYSTEMPATH\rewrite.php(44): require_once('C:\\xampp\\htdocs\\codeigniter4-Blog_Management\\public\\index.php')
CRITICAL - 2025-03-02 11:45:16 --> Error: Call to a member function isValid() on null
[Method: POST, Route: admin/add]
in APPPATH\Controllers\AdminController.php on line 15.
 1 SYSTEMPATH\CodeIgniter.php(933): App\Controllers\AdminController->add()
 2 SYSTEMPATH\CodeIgniter.php(507): CodeIgniter\CodeIgniter->runController(Object(App\Controllers\AdminController))
 3 SYSTEMPATH\CodeIgniter.php(354): CodeIgniter\CodeIgniter->handleRequest(null, Object(Config\Cache), false)
 4 SYSTEMPATH\Boot.php(334): CodeIgniter\CodeIgniter->run()
 5 SYSTEMPATH\Boot.php(67): CodeIgniter\Boot::runCodeIgniter(Object(CodeIgniter\CodeIgniter))
 6 FCPATH\index.php(56): CodeIgniter\Boot::bootWeb(Object(Config\Paths))
 7 SYSTEMPATH\rewrite.php(44): require_once('C:\\xampp\\htdocs\\codeigniter4-Blog_Management\\public\\index.php')
CRITICAL - 2025-03-02 12:31:02 --> ErrorException: Undefined variable $current_page
[Method: GET, Route: admin/blogs]
in APPPATH\Views\admin\blog_list.php on line 46.
 1 APPPATH\Views\admin\blog_list.php(46): CodeIgniter\Debug\Exceptions->errorHandler(2, 'Undefined variable $current_page', 'C:\\xampp\\htdocs\\codeigniter4-Blog_Management\\app\\Views\\admin\\blog_list.php', 46)
 2 SYSTEMPATH\View\View.php(224): include('C:\\xampp\\htdocs\\codeigniter4-Blog_Management\\app\\Views\\admin\\blog_list.php')
 3 SYSTEMPATH\View\View.php(227): CodeIgniter\View\View->CodeIgniter\View\{closure}()
 4 SYSTEMPATH\Common.php(1173): CodeIgniter\View\View->render('admin/blog_list', [], true)
 5 APPPATH\Controllers\AdminBlogController.php(11): view('admin/blog_list', [...])
 6 SYSTEMPATH\CodeIgniter.php(933): App\Controllers\AdminBlogController->index()
 7 SYSTEMPATH\CodeIgniter.php(507): CodeIgniter\CodeIgniter->runController(Object(App\Controllers\AdminBlogController))
 8 SYSTEMPATH\CodeIgniter.php(354): CodeIgniter\CodeIgniter->handleRequest(null, Object(Config\Cache), false)
 9 SYSTEMPATH\Boot.php(334): CodeIgniter\CodeIgniter->run()
10 SYSTEMPATH\Boot.php(67): CodeIgniter\Boot::runCodeIgniter(Object(CodeIgniter\CodeIgniter))
11 FCPATH\index.php(56): CodeIgniter\Boot::bootWeb(Object(Config\Paths))
12 SYSTEMPATH\rewrite.php(44): require_once('C:\\xampp\\htdocs\\codeigniter4-Blog_Management\\public\\index.php')
CRITICAL - 2025-03-02 12:31:59 --> ErrorException: Undefined property: App\Controllers\AdminBlogController::$Blog_model
[Method: GET, Route: admin/blogs]
in APPPATH\Controllers\AdminBlogController.php on line 19.
 1 APPPATH\Controllers\AdminBlogController.php(19): CodeIgniter\Debug\Exceptions->errorHandler(2, 'Undefined property: App\\Controllers\\AdminBlogController::$Blog_model', 'C:\\xampp\\htdocs\\codeigniter4-Blog_Management\\app\\Controllers\\AdminBlogController.php', 19)
 2 SYSTEMPATH\CodeIgniter.php(933): App\Controllers\AdminBlogController->index()
 3 SYSTEMPATH\CodeIgniter.php(507): CodeIgniter\CodeIgniter->runController(Object(App\Controllers\AdminBlogController))
 4 SYSTEMPATH\CodeIgniter.php(354): CodeIgniter\CodeIgniter->handleRequest(null, Object(Config\Cache), false)
 5 SYSTEMPATH\Boot.php(334): CodeIgniter\CodeIgniter->run()
 6 SYSTEMPATH\Boot.php(67): CodeIgniter\Boot::runCodeIgniter(Object(CodeIgniter\CodeIgniter))
 7 FCPATH\index.php(56): CodeIgniter\Boot::bootWeb(Object(Config\Paths))
 8 SYSTEMPATH\rewrite.php(44): require_once('C:\\xampp\\htdocs\\codeigniter4-Blog_Management\\public\\index.php')
CRITICAL - 2025-03-02 12:32:00 --> ErrorException: Undefined property: App\Controllers\AdminBlogController::$Blog_model
[Method: GET, Route: admin/blogs]
in APPPATH\Controllers\AdminBlogController.php on line 19.
 1 APPPATH\Controllers\AdminBlogController.php(19): CodeIgniter\Debug\Exceptions->errorHandler(2, 'Undefined property: App\\Controllers\\AdminBlogController::$Blog_model', 'C:\\xampp\\htdocs\\codeigniter4-Blog_Management\\app\\Controllers\\AdminBlogController.php', 19)
 2 SYSTEMPATH\CodeIgniter.php(933): App\Controllers\AdminBlogController->index()
 3 SYSTEMPATH\CodeIgniter.php(507): CodeIgniter\CodeIgniter->runController(Object(App\Controllers\AdminBlogController))
 4 SYSTEMPATH\CodeIgniter.php(354): CodeIgniter\CodeIgniter->handleRequest(null, Object(Config\Cache), false)
 5 SYSTEMPATH\Boot.php(334): CodeIgniter\CodeIgniter->run()
 6 SYSTEMPATH\Boot.php(67): CodeIgniter\Boot::runCodeIgniter(Object(CodeIgniter\CodeIgniter))
 7 FCPATH\index.php(56): CodeIgniter\Boot::bootWeb(Object(Config\Paths))
 8 SYSTEMPATH\rewrite.php(44): require_once('C:\\xampp\\htdocs\\codeigniter4-Blog_Management\\public\\index.php')
CRITICAL - 2025-03-02 12:32:00 --> ErrorException: Undefined property: App\Controllers\AdminBlogController::$Blog_model
[Method: GET, Route: admin/blogs]
in APPPATH\Controllers\AdminBlogController.php on line 19.
 1 APPPATH\Controllers\AdminBlogController.php(19): CodeIgniter\Debug\Exceptions->errorHandler(2, 'Undefined property: App\\Controllers\\AdminBlogController::$Blog_model', 'C:\\xampp\\htdocs\\codeigniter4-Blog_Management\\app\\Controllers\\AdminBlogController.php', 19)
 2 SYSTEMPATH\CodeIgniter.php(933): App\Controllers\AdminBlogController->index()
 3 SYSTEMPATH\CodeIgniter.php(507): CodeIgniter\CodeIgniter->runController(Object(App\Controllers\AdminBlogController))
 4 SYSTEMPATH\CodeIgniter.php(354): CodeIgniter\CodeIgniter->handleRequest(null, Object(Config\Cache), false)
 5 SYSTEMPATH\Boot.php(334): CodeIgniter\CodeIgniter->run()
 6 SYSTEMPATH\Boot.php(67): CodeIgniter\Boot::runCodeIgniter(Object(CodeIgniter\CodeIgniter))
 7 FCPATH\index.php(56): CodeIgniter\Boot::bootWeb(Object(Config\Paths))
 8 SYSTEMPATH\rewrite.php(44): require_once('C:\\xampp\\htdocs\\codeigniter4-Blog_Management\\public\\index.php')
CRITICAL - 2025-03-02 12:32:00 --> ErrorException: Undefined property: App\Controllers\AdminBlogController::$Blog_model
[Method: GET, Route: admin/blogs]
in APPPATH\Controllers\AdminBlogController.php on line 19.
 1 APPPATH\Controllers\AdminBlogController.php(19): CodeIgniter\Debug\Exceptions->errorHandler(2, 'Undefined property: App\\Controllers\\AdminBlogController::$Blog_model', 'C:\\xampp\\htdocs\\codeigniter4-Blog_Management\\app\\Controllers\\AdminBlogController.php', 19)
 2 SYSTEMPATH\CodeIgniter.php(933): App\Controllers\AdminBlogController->index()
 3 SYSTEMPATH\CodeIgniter.php(507): CodeIgniter\CodeIgniter->runController(Object(App\Controllers\AdminBlogController))
 4 SYSTEMPATH\CodeIgniter.php(354): CodeIgniter\CodeIgniter->handleRequest(null, Object(Config\Cache), false)
 5 SYSTEMPATH\Boot.php(334): CodeIgniter\CodeIgniter->run()
 6 SYSTEMPATH\Boot.php(67): CodeIgniter\Boot::runCodeIgniter(Object(CodeIgniter\CodeIgniter))
 7 FCPATH\index.php(56): CodeIgniter\Boot::bootWeb(Object(Config\Paths))
 8 SYSTEMPATH\rewrite.php(44): require_once('C:\\xampp\\htdocs\\codeigniter4-Blog_Management\\public\\index.php')
CRITICAL - 2025-03-02 12:32:00 --> ErrorException: Undefined property: App\Controllers\AdminBlogController::$Blog_model
[Method: GET, Route: admin/blogs]
in APPPATH\Controllers\AdminBlogController.php on line 19.
 1 APPPATH\Controllers\AdminBlogController.php(19): CodeIgniter\Debug\Exceptions->errorHandler(2, 'Undefined property: App\\Controllers\\AdminBlogController::$Blog_model', 'C:\\xampp\\htdocs\\codeigniter4-Blog_Management\\app\\Controllers\\AdminBlogController.php', 19)
 2 SYSTEMPATH\CodeIgniter.php(933): App\Controllers\AdminBlogController->index()
 3 SYSTEMPATH\CodeIgniter.php(507): CodeIgniter\CodeIgniter->runController(Object(App\Controllers\AdminBlogController))
 4 SYSTEMPATH\CodeIgniter.php(354): CodeIgniter\CodeIgniter->handleRequest(null, Object(Config\Cache), false)
 5 SYSTEMPATH\Boot.php(334): CodeIgniter\CodeIgniter->run()
 6 SYSTEMPATH\Boot.php(67): CodeIgniter\Boot::runCodeIgniter(Object(CodeIgniter\CodeIgniter))
 7 FCPATH\index.php(56): CodeIgniter\Boot::bootWeb(Object(Config\Paths))
 8 SYSTEMPATH\rewrite.php(44): require_once('C:\\xampp\\htdocs\\codeigniter4-Blog_Management\\public\\index.php')
CRITICAL - 2025-03-02 12:32:46 --> ErrorException: Undefined property: App\Controllers\AdminBlogController::$Blog_model
[Method: GET, Route: admin/blogs]
in APPPATH\Controllers\AdminBlogController.php on line 19.
 1 APPPATH\Controllers\AdminBlogController.php(19): CodeIgniter\Debug\Exceptions->errorHandler(2, 'Undefined property: App\\Controllers\\AdminBlogController::$Blog_model', 'C:\\xampp\\htdocs\\codeigniter4-Blog_Management\\app\\Controllers\\AdminBlogController.php', 19)
 2 SYSTEMPATH\CodeIgniter.php(933): App\Controllers\AdminBlogController->index()
 3 SYSTEMPATH\CodeIgniter.php(507): CodeIgniter\CodeIgniter->runController(Object(App\Controllers\AdminBlogController))
 4 SYSTEMPATH\CodeIgniter.php(354): CodeIgniter\CodeIgniter->handleRequest(null, Object(Config\Cache), false)
 5 SYSTEMPATH\Boot.php(334): CodeIgniter\CodeIgniter->run()
 6 SYSTEMPATH\Boot.php(67): CodeIgniter\Boot::runCodeIgniter(Object(CodeIgniter\CodeIgniter))
 7 FCPATH\index.php(56): CodeIgniter\Boot::bootWeb(Object(Config\Paths))
 8 SYSTEMPATH\rewrite.php(44): require_once('C:\\xampp\\htdocs\\codeigniter4-Blog_Management\\public\\index.php')
